<?xml version="1.0" encoding="UTF-8"?>
<!-- Generated by org.testng.reporters.JUnitXMLReporter -->
<testsuite hostname="SQE" name="Test" tests="16" failures="3" timestamp="16 Feb 2017 12:25:27 GMT" time="475.891" errors="0">
  <testcase name="Logout" time="43.163" classname="foodniche_project.Signin_and_forgot_password"/>
  <testcase name="Facebook_Signin" time="21.157" classname="foodniche_project.Signin_and_forgot_password"/>
  <testcase name="Restoring_password" time="22.071" classname="foodniche_project.Signin_and_forgot_password"/>
  <testcase name="Posting_Pictures_Contents_by_Individual_User" time="51.38" classname="foodniche_project.Contents_by_individual_user"/>
  <testcase name="Editing_Pictures_by_Individual_User" time="16.908" classname="foodniche_project.Contents_by_individual_user"/>
  <testcase name="Deleting_Pictures_Contents_by_Individual_User" time="1.876" classname="foodniche_project.Contents_by_individual_user"/>
  <testcase name="Posting_Video_By_Individual_User" time="17.78" classname="foodniche_project.Contents_by_individual_user"/>
  <testcase name="Editing_Video_by_Individual_User" time="18.605" classname="foodniche_project.Contents_by_individual_user"/>
  <testcase name="Deleting_Video_Contents_by_Individual_User" time="1.388" classname="foodniche_project.Contents_by_individual_user"/>
  <testcase name="Posting_Recipe_by_Individual_User" time="47.246" classname="foodniche_project.Contents_by_individual_user"/>
  <testcase name="Editing_Recipe_by_Individual_User" time="19.536" classname="foodniche_project.Contents_by_individual_user"/>
  <testcase name="Deleting_Recipe_Contents_by_Individual_User" time="1.902" classname="foodniche_project.Contents_by_individual_user"/>
  <testcase name="Posting_Tutorials_by_Individual_User" time="33.177" classname="foodniche_project.Contents_by_individual_user"/>
  <testcase name="Editing_Tutorials_by_Individual_User" time="64.099" classname="foodniche_project.Contents_by_individual_user">
    <failure type="java.lang.NullPointerException">
      <![CDATA[java.lang.NullPointerException
	at foodniche_project.Contents_by_individual_user.Editing_Tutorials_by_Individual_User(Contents_by_individual_user.java:312)
	at org.apache.maven.surefire.testng.TestNGExecutor.run(TestNGExecutor.java:281)
	at org.apache.maven.surefire.testng.TestNGXmlTestSuite.execute(TestNGXmlTestSuite.java:75)
	at org.apache.maven.surefire.testng.TestNGProvider.invoke(TestNGProvider.java:121)
	at org.apache.maven.surefire.booter.ForkedBooter.invokeProviderInSameClassLoader(ForkedBooter.java:290)
	at org.apache.maven.surefire.booter.ForkedBooter.runSuitesInProcess(ForkedBooter.java:242)
	at org.apache.maven.surefire.booter.ForkedBooter.main(ForkedBooter.java:121)
... Removed 21 stack frames]]>
    </failure>
  </testcase> <!-- Editing_Tutorials_by_Individual_User -->
  <testcase name="Deleting_Tutorials_Contents_by_Individual_User" time="60.203" classname="foodniche_project.Contents_by_individual_user">
    <failure type="java.lang.NullPointerException">
      <![CDATA[java.lang.NullPointerException
	at foodniche_project.Contents_by_individual_user.Deleting_Tutorials_Contents_by_Individual_User(Contents_by_individual_user.java:328)
	at org.apache.maven.surefire.testng.TestNGExecutor.run(TestNGExecutor.java:281)
	at org.apache.maven.surefire.testng.TestNGXmlTestSuite.execute(TestNGXmlTestSuite.java:75)
	at org.apache.maven.surefire.testng.TestNGProvider.invoke(TestNGProvider.java:121)
	at org.apache.maven.surefire.booter.ForkedBooter.invokeProviderInSameClassLoader(ForkedBooter.java:290)
	at org.apache.maven.surefire.booter.ForkedBooter.runSuitesInProcess(ForkedBooter.java:242)
	at org.apache.maven.surefire.booter.ForkedBooter.main(ForkedBooter.java:121)
... Removed 21 stack frames]]>
    </failure>
  </testcase> <!-- Deleting_Tutorials_Contents_by_Individual_User -->
  <testcase name="SignUpForm" time="55.366" classname="foodniche_project.Signupuser">
    <failure type="java.lang.NullPointerException">
      <![CDATA[java.lang.NullPointerException
	at foodniche_project.Signupuser.SignUpForm(Signupuser.java:59)
	at org.apache.maven.surefire.testng.TestNGExecutor.run(TestNGExecutor.java:281)
	at org.apache.maven.surefire.testng.TestNGXmlTestSuite.execute(TestNGXmlTestSuite.java:75)
	at org.apache.maven.surefire.testng.TestNGProvider.invoke(TestNGProvider.java:121)
	at org.apache.maven.surefire.booter.ForkedBooter.invokeProviderInSameClassLoader(ForkedBooter.java:290)
	at org.apache.maven.surefire.booter.ForkedBooter.runSuitesInProcess(ForkedBooter.java:242)
	at org.apache.maven.surefire.booter.ForkedBooter.main(ForkedBooter.java:121)
... Removed 21 stack frames]]>
    </failure>
  </testcase> <!-- SignUpForm -->
</testsuite> <!-- Test -->
