<?xml version="1.0" encoding="UTF-8"?>
<testng-results skipped="0" failed="1" total="1" passed="0">
  <reporter-output>
  </reporter-output>
  <suite name="Default suite" duration-ms="100" started-at="2017-02-17T08:58:51Z" finished-at="2017-02-17T08:58:51Z">
    <groups>
    </groups>
    <test name="Default test" duration-ms="100" started-at="2017-02-17T08:58:51Z" finished-at="2017-02-17T08:58:51Z">
      <class name="foodniche_project.Signup_business_user">
        <test-method status="FAIL" signature="SignUpForm(java.lang.String, java.lang.String, java.lang.String, java.lang.String, java.lang.String)[pri:0, instance:foodniche_project.Signup_business_user@396a51ab]" name="SignUpForm" duration-ms="0" started-at="2017-02-17T14:28:51Z" finished-at="2017-02-17T14:28:51Z">
          <exception class="org.testng.TestNGException">
            <message>
              <![CDATA[
Parameter 'userId' is required by @Test on method SignUpForm but has not been marked @Optional or defined
in C:\Users\Shubham\AppData\Local\Temp\testng-eclipse--337814510\testng-customsuite.xml]]>
            </message>
            <full-stacktrace>
              <![CDATA[org.testng.TestNGException: 
Parameter 'userId' is required by @Test on method SignUpForm but has not been marked @Optional or defined
in C:\Users\Shubham\AppData\Local\Temp\testng-eclipse--337814510\testng-customsuite.xml
	at org.testng.internal.Parameters.createParameters(Parameters.java:155)
	at org.testng.internal.Parameters.createParameters(Parameters.java:355)
	at org.testng.internal.Parameters.handleParameters(Parameters.java:447)
	at org.testng.internal.Invoker.handleParameters(Invoker.java:1383)
	at org.testng.internal.Invoker.createParameters(Invoker.java:1075)
	at org.testng.internal.Invoker.invokeTestMethods(Invoker.java:1180)
	at org.testng.internal.TestMethodWorker.invokeTestMethods(TestMethodWorker.java:127)
	at org.testng.internal.TestMethodWorker.run(TestMethodWorker.java:111)
	at org.testng.TestRunner.privateRun(TestRunner.java:767)
	at org.testng.TestRunner.run(TestRunner.java:617)
	at org.testng.SuiteRunner.runTest(SuiteRunner.java:334)
	at org.testng.SuiteRunner.runSequentially(SuiteRunner.java:329)
	at org.testng.SuiteRunner.privateRun(SuiteRunner.java:291)
	at org.testng.SuiteRunner.run(SuiteRunner.java:240)
	at org.testng.SuiteRunnerWorker.runSuite(SuiteRunnerWorker.java:52)
	at org.testng.SuiteRunnerWorker.run(SuiteRunnerWorker.java:86)
	at org.testng.TestNG.runSuitesSequentially(TestNG.java:1198)
	at org.testng.TestNG.runSuitesLocally(TestNG.java:1123)
	at org.testng.TestNG.run(TestNG.java:1031)
	at org.testng.remote.AbstractRemoteTestNG.run(AbstractRemoteTestNG.java:132)
	at org.testng.remote.RemoteTestNG.initAndRun(RemoteTestNG.java:236)
	at org.testng.remote.RemoteTestNG.main(RemoteTestNG.java:81)
]]>
            </full-stacktrace>
          </exception> <!-- org.testng.TestNGException -->
          <reporter-output>
          </reporter-output>
        </test-method> <!-- SignUpForm -->
      </class> <!-- foodniche_project.Signup_business_user -->
    </test> <!-- Default test -->
  </suite> <!-- Default suite -->
</testng-results>
